<?xml version="1.0" encoding="UTF-8"?>
<testsuite name="JUnit Jupiter" tests="8" skipped="7" failures="1" errors="0" time="4.125" hostname="macbook-calberca.local" timestamp="2017-08-04T11:13:02">
<properties>
<property name="awt.toolkit" value="sun.lwawt.macosx.LWCToolkit"/>
<property name="file.encoding" value="UTF-8"/>
<property name="file.encoding.pkg" value="sun.io"/>
<property name="file.separator" value="/"/>
<property name="ftp.nonProxyHosts" value="local|*.local|169.254/16|*.169.254/16|localhost|*.localhost|127.0.0.0/8|*.127.0.0.0/8"/>
<property name="gopherProxySet" value="false"/>
<property name="http.nonProxyHosts" value="local|*.local|169.254/16|*.169.254/16|localhost|*.localhost|127.0.0.0/8|*.127.0.0.0/8"/>
<property name="java.awt.graphicsenv" value="sun.awt.CGraphicsEnvironment"/>
<property name="java.awt.printerjob" value="sun.lwawt.macosx.CPrinterJob"/>
<property name="java.class.path" value="/Users/calberca/Workspace/autentia-training/selenium/todomvc/build/classes/java/test:/Users/calberca/Workspace/autentia-training/selenium/todomvc/build/resources/test:/Users/calberca/Workspace/autentia-training/selenium/todomvc/build/classes/java/main:/Users/calberca/Workspace/autentia-training/selenium/todomvc/build/resources/main:/Users/calberca/.gradle/caches/modules-2/files-2.1/org.seleniumhq.selenium/selenium-server/3.4.0/4eab885e2ec3def67457df3e51cf1bab9e84756a/selenium-server-3.4.0.jar:/Users/calberca/.gradle/caches/modules-2/files-2.1/com.codeborne/phantomjsdriver/1.4.0/333f3289207a970c9a97308df9d5ac0880e12aa8/phantomjsdriver-1.4.0.jar:/Users/calberca/.gradle/caches/modules-2/files-2.1/org.seleniumhq.selenium/selenium-java/3.4.0/2b8e09636cefdb164eec61534482af5e505d051e/selenium-java-3.4.0.jar:/Users/calberca/.gradle/caches/modules-2/files-2.1/org.seleniumhq.selenium/htmlunit-driver/2.26/ead9f974e6f8b42ae01452e7dc08335ca5ac4797/htmlunit-driver-2.26.jar:/Users/calberca/.gradle/caches/modules-2/files-2.1/org.seleniumhq.selenium/selenium-support/3.4.0/900176a308fbf55d741a168a3beac8527caf1c1/selenium-support-3.4.0.jar:/Users/calberca/.gradle/caches/modules-2/files-2.1/org.junit.platform/junit-platform-runner/1.0.0-M4/8e7235e28eda64f8216c0c055bd881f07e46e1b9/junit-platform-runner-1.0.0-M4.jar:/Users/calberca/.gradle/caches/modules-2/files-2.1/junit/junit/4.12/2973d150c0dc1fefe998f834810d68f278ea58ec/junit-4.12.jar:/Users/calberca/.gradle/caches/modules-2/files-2.1/org.junit.jupiter/junit-jupiter-engine/5.0.0-M4/10e0dc41a4e9c1817c2b729c3a7c48b1ddfed17/junit-jupiter-engine-5.0.0-M4.jar:/Users/calberca/.gradle/caches/modules-2/files-2.1/org.junit.jupiter/junit-jupiter-api/5.0.0-M4/50f95d68c674a30374c5f50e6ad5212d2c1a3cec/junit-jupiter-api-5.0.0-M4.jar:/Users/calberca/.gradle/caches/modules-2/files-2.1/org.junit.platform/junit-platform-launcher/1.0.0-M4/d4e3657bc7cf204d6b9b55f0387fedc6eaad55fa/junit-platform-launcher-1.0.0-M4.jar:/Users/calberca/.gradle/caches/modules-2/files-2.1/org.seleniumhq.selenium/selenium-chrome-driver/3.4.0/5a3533c1ec2ba883beb0314dacf7ff932163a4ef/selenium-chrome-driver-3.4.0.jar:/Users/calberca/.gradle/caches/modules-2/files-2.1/org.seleniumhq.selenium/selenium-edge-driver/3.4.0/cbccda6be9f86ec1ae0c79f94cdb4e2615e6c107/selenium-edge-driver-3.4.0.jar:/Users/calberca/.gradle/caches/modules-2/files-2.1/org.seleniumhq.selenium/selenium-firefox-driver/3.4.0/d88e50771a0c978502dfdf770d3192c7643928eb/selenium-firefox-driver-3.4.0.jar:/Users/calberca/.gradle/caches/modules-2/files-2.1/org.seleniumhq.selenium/selenium-ie-driver/3.4.0/fdce0dc1cbdcd93d1b5b2e9054285160bed0a027/selenium-ie-driver-3.4.0.jar:/Users/calberca/.gradle/caches/modules-2/files-2.1/org.seleniumhq.selenium/selenium-opera-driver/3.4.0/35a04998f67c920a2d274c73f4a27018f7d640e6/selenium-opera-driver-3.4.0.jar:/Users/calberca/.gradle/caches/modules-2/files-2.1/org.seleniumhq.selenium/selenium-safari-driver/3.4.0/75f8302d3f6274af5c9580ea194d4df19bb4a363/selenium-safari-driver-3.4.0.jar:/Users/calberca/.gradle/caches/modules-2/files-2.1/org.seleniumhq.selenium/selenium-remote-driver/3.4.0/2593094fccb4f0317e211674ebfc22fb049c043a/selenium-remote-driver-3.4.0.jar:/Users/calberca/.gradle/caches/modules-2/files-2.1/org.seleniumhq.selenium/selenium-api/3.4.0/bf91d238e6eb07f8496ccb61e12e2c868d2bc7e9/selenium-api-3.4.0.jar:/Users/calberca/.gradle/caches/modules-2/files-2.1/cglib/cglib-nodep/3.2.4/42c972dee25a436b32c6027e848287ff47ed6750/cglib-nodep-3.2.4.jar:/Users/calberca/.gradle/caches/modules-2/files-2.1/org.apache.commons/commons-exec/1.3/8dfb9facd0830a27b1b5f29f84593f0aeee7773b/commons-exec-1.3.jar:/Users/calberca/.gradle/caches/modules-2/files-2.1/net.sourceforge.htmlunit/htmlunit/2.26/756789277013723c354dcf9a09740d418874afc0/htmlunit-2.26.jar:/Users/calberca/.gradle/caches/modules-2/files-2.1/org.apache.httpcomponents/httpmime/4.5.3/889fd6d061bb63b99dd5c6aba35a555ae863de52/httpmime-4.5.3.jar:/Users/calberca/.gradle/caches/modules-2/files-2.1/org.apache.httpcomponents/httpclient/4.5.3/d1577ae15f01ef5438c5afc62162457c00a34713/httpclient-4.5.3.jar:/Users/calberca/.gradle/caches/modules-2/files-2.1/commons-codec/commons-codec/1.10/4b95f4897fa13f2cd904aee711aeafc0c5295cd8/commons-codec-1.10.jar:/Users/calberca/.gradle/caches/modules-2/files-2.1/commons-logging/commons-logging/1.2/4bfc12adfe4842bf07b657f0369c4cb522955686/commons-logging-1.2.jar:/Users/calberca/.gradle/caches/modules-2/files-2.1/com.google.code.gson/gson/2.8.0/c4ba5371a29ac9b2ad6129b1d39ea38750043eff/gson-2.8.0.jar:/Users/calberca/.gradle/caches/modules-2/files-2.1/com.google.guava/guava/21.0/3a3d111be1be1b745edfa7d91678a12d7ed38709/guava-21.0.jar:/Users/calberca/.gradle/caches/modules-2/files-2.1/org.hamcrest/hamcrest-core/1.3/42a25dc3219429f0e5d060061f71acb49bf010a0/hamcrest-core-1.3.jar:/Users/calberca/.gradle/caches/modules-2/files-2.1/org.apache.httpcomponents/httpcore/4.4.6/e3fd8ced1f52c7574af952e2e6da0df8df08eb82/httpcore-4.4.6.jar:/Users/calberca/.gradle/caches/modules-2/files-2.1/net.java.dev.jna/jna-platform/4.1.0/23457ad1cf75c2c16763330de5565a0e67b4bc0a/jna-platform-4.1.0.jar:/Users/calberca/.gradle/caches/modules-2/files-2.1/net.java.dev.jna/jna/4.1.0/1c12d070e602efd8021891cdd7fd18bc129372d4/jna-4.1.0.jar:/Users/calberca/.gradle/caches/modules-2/files-2.1/com.beust/jcommander/1.48/bfcb96281ea3b59d626704f74bc6d625ff51cbce/jcommander-1.48.jar:/Users/calberca/.gradle/caches/modules-2/files-2.1/org.apache.commons/commons-lang3/3.5/6c6c702c89bfff3cd9e80b04d668c5e190d588c6/commons-lang3-3.5.jar:/Users/calberca/.gradle/caches/modules-2/files-2.1/commons-io/commons-io/2.5/2852e6e05fbb95076fc091f6d1780f1f8fe35e0f/commons-io-2.5.jar:/Users/calberca/.gradle/caches/modules-2/files-2.1/net.sourceforge.cssparser/cssparser/0.9.22/3200e4091f08f78bed01350dbc1e200068f7f162/cssparser-0.9.22.jar:/Users/calberca/.gradle/caches/modules-2/files-2.1/org.w3c.css/sac/1.3/cdb2dcb4e22b83d6b32b93095f644c3462739e82/sac-1.3.jar:/Users/calberca/.gradle/caches/modules-2/files-2.1/net.sourceforge.htmlunit/htmlunit-core-js/2.26/cd4cc09378ab2eaa2757c9b1203e29af1cffe880/htmlunit-core-js-2.26.jar:/Users/calberca/.gradle/caches/modules-2/files-2.1/net.sourceforge.htmlunit/neko-htmlunit/2.25/7bcd512ace3baedd5d0abc159cfd57cfb3026c83/neko-htmlunit-2.25.jar:/Users/calberca/.gradle/caches/modules-2/files-2.1/net.jcip/jcip-annotations/1.0/afba4942caaeaf46aab0b976afd57cc7c181467e/jcip-annotations-1.0.jar:/Users/calberca/.gradle/caches/modules-2/files-2.1/org.seleniumhq.selenium/jetty-repacked/9.4.1.v20170120/b150a179a51b78ad73ae093a1472b4edf7ac8d45/jetty-repacked-9.4.1.v20170120.jar:/Users/calberca/.gradle/caches/modules-2/files-2.1/org.eclipse.jetty.websocket/websocket-client/9.4.3.v20170317/8d7a6d6ddb477bc2962936373503daf07b79f9ed/websocket-client-9.4.3.v20170317.jar:/Users/calberca/.gradle/caches/modules-2/files-2.1/org.eclipse.jetty.websocket/websocket-common/9.4.3.v20170317/e987016d0fbe3fa46a0c969d143e25a10eb16249/websocket-common-9.4.3.v20170317.jar:/Users/calberca/.gradle/caches/modules-2/files-2.1/org.eclipse.jetty/jetty-client/9.4.3.v20170317/7e8ca5acbd6e1b93e326c54758cdc6190d0fa944/jetty-client-9.4.3.v20170317.jar:/Users/calberca/.gradle/caches/modules-2/files-2.1/org.eclipse.jetty/jetty-http/9.4.3.v20170317/8f73fbfaabb3a3b2d5b3a2ddad15c19c7f00a876/jetty-http-9.4.3.v20170317.jar:/Users/calberca/.gradle/caches/modules-2/files-2.1/org.eclipse.jetty/jetty-io/9.4.3.v20170317/c2b20cfd32d74e74c030c0b77fa64d01434f2e3/jetty-io-9.4.3.v20170317.jar:/Users/calberca/.gradle/caches/modules-2/files-2.1/org.eclipse.jetty/jetty-util/9.4.3.v20170317/1d3299563053e2290338e22db693a8d442e7fb25/jetty-util-9.4.3.v20170317.jar:/Users/calberca/.gradle/caches/modules-2/files-2.1/javax.servlet/javax.servlet-api/3.1.0/3cd63d075497751784b2fa84be59432f4905bf7c/javax.servlet-api-3.1.0.jar:/Users/calberca/.gradle/caches/modules-2/files-2.1/org.eclipse.jetty.websocket/websocket-api/9.4.3.v20170317/d0f1fd89dc19e773334ad2fcfda2bb0eadf993f6/websocket-api-9.4.3.v20170317.jar:/Users/calberca/.gradle/caches/modules-2/files-2.1/xalan/xalan/2.7.2/d55d3f02a56ec4c25695fe67e1334ff8c2ecea23/xalan-2.7.2.jar:/Users/calberca/.gradle/caches/modules-2/files-2.1/xalan/serializer/2.7.2/24247f3bb052ee068971393bdb83e04512bb1c3c/serializer-2.7.2.jar:/Users/calberca/.gradle/caches/modules-2/files-2.1/xerces/xercesImpl/2.11.0/9bb329db1cfc4e22462c9d6b43a8432f5850e92c/xercesImpl-2.11.0.jar:/Users/calberca/.gradle/caches/modules-2/files-2.1/xml-apis/xml-apis/1.4.01/3789d9fada2d3d458c4ba2de349d48780f381ee3/xml-apis-1.4.01.jar:/Users/calberca/.gradle/caches/modules-2/files-2.1/org.yaml/snakeyaml/1.15/3b132bea69e8ee099f416044970997bde80f4ea6/snakeyaml-1.15.jar:/Users/calberca/.gradle/caches/modules-2/files-2.1/org.junit.platform/junit-platform-engine/1.0.0-M4/5e65bdd2d623dfc6a405911a6449f2c60808b0af/junit-platform-engine-1.0.0-M4.jar:/Users/calberca/.gradle/caches/modules-2/files-2.1/org.opentest4j/opentest4j/1.0.0-M2/e2caa64702a83336d3dd32c7f69c1f092156df6d/opentest4j-1.0.0-M2.jar:/Users/calberca/.gradle/caches/modules-2/files-2.1/org.junit.platform/junit-platform-suite-api/1.0.0-M4/b68868db955435ca2e2900f5590879463ceb2a72/junit-platform-suite-api-1.0.0-M4.jar:/Users/calberca/.gradle/caches/modules-2/files-2.1/org.junit.platform/junit-platform-commons/1.0.0-M4/359eb461814bd7356de541d131d45473d394a168/junit-platform-commons-1.0.0-M4.jar:/Users/calberca/.gradle/caches/modules-2/files-2.1/org.junit.platform/junit-platform-console/1.0.0-M4/82da9da502b1fe187bed5f5152746696aad19fae/junit-platform-console-1.0.0-M4.jar"/>
<property name="java.class.version" value="52.0"/>
<property name="java.endorsed.dirs" value="/Library/Java/JavaVirtualMachines/jdk1.8.0_144.jdk/Contents/Home/jre/lib/endorsed"/>
<property name="java.ext.dirs" value="/Users/calberca/Library/Java/Extensions:/Library/Java/JavaVirtualMachines/jdk1.8.0_144.jdk/Contents/Home/jre/lib/ext:/Library/Java/Extensions:/Network/Library/Java/Extensions:/System/Library/Java/Extensions:/usr/lib/java"/>
<property name="java.home" value="/Library/Java/JavaVirtualMachines/jdk1.8.0_144.jdk/Contents/Home/jre"/>
<property name="java.io.tmpdir" value="/var/folders/d_/h3dx0rn96mv0_lnp_rnkxc1m0000gp/T/"/>
<property name="java.library.path" value="/Users/calberca/Library/Java/Extensions:/Library/Java/Extensions:/Network/Library/Java/Extensions:/System/Library/Java/Extensions:/usr/lib/java:."/>
<property name="java.runtime.name" value="Java(TM) SE Runtime Environment"/>
<property name="java.runtime.version" value="1.8.0_144-b01"/>
<property name="java.specification.name" value="Java Platform API Specification"/>
<property name="java.specification.vendor" value="Oracle Corporation"/>
<property name="java.specification.version" value="1.8"/>
<property name="java.vendor" value="Oracle Corporation"/>
<property name="java.vendor.url" value="http://java.oracle.com/"/>
<property name="java.vendor.url.bug" value="http://bugreport.sun.com/bugreport/"/>
<property name="java.version" value="1.8.0_144"/>
<property name="java.vm.info" value="mixed mode"/>
<property name="java.vm.name" value="Java HotSpot(TM) 64-Bit Server VM"/>
<property name="java.vm.specification.name" value="Java Virtual Machine Specification"/>
<property name="java.vm.specification.vendor" value="Oracle Corporation"/>
<property name="java.vm.specification.version" value="1.8"/>
<property name="java.vm.vendor" value="Oracle Corporation"/>
<property name="java.vm.version" value="25.144-b01"/>
<property name="line.separator" value="
"/>
<property name="os.arch" value="x86_64"/>
<property name="os.name" value="Mac OS X"/>
<property name="os.version" value="10.12.6"/>
<property name="path.separator" value=":"/>
<property name="socksNonProxyHosts" value="local|*.local|169.254/16|*.169.254/16|localhost|*.localhost|127.0.0.0/8|*.127.0.0.0/8"/>
<property name="sun.arch.data.model" value="64"/>
<property name="sun.boot.class.path" value="/Library/Java/JavaVirtualMachines/jdk1.8.0_144.jdk/Contents/Home/jre/lib/resources.jar:/Library/Java/JavaVirtualMachines/jdk1.8.0_144.jdk/Contents/Home/jre/lib/rt.jar:/Library/Java/JavaVirtualMachines/jdk1.8.0_144.jdk/Contents/Home/jre/lib/sunrsasign.jar:/Library/Java/JavaVirtualMachines/jdk1.8.0_144.jdk/Contents/Home/jre/lib/jsse.jar:/Library/Java/JavaVirtualMachines/jdk1.8.0_144.jdk/Contents/Home/jre/lib/jce.jar:/Library/Java/JavaVirtualMachines/jdk1.8.0_144.jdk/Contents/Home/jre/lib/charsets.jar:/Library/Java/JavaVirtualMachines/jdk1.8.0_144.jdk/Contents/Home/jre/lib/jfr.jar:/Library/Java/JavaVirtualMachines/jdk1.8.0_144.jdk/Contents/Home/jre/classes"/>
<property name="sun.boot.library.path" value="/Library/Java/JavaVirtualMachines/jdk1.8.0_144.jdk/Contents/Home/jre/lib"/>
<property name="sun.cpu.endian" value="little"/>
<property name="sun.cpu.isalist" value=""/>
<property name="sun.io.unicode.encoding" value="UnicodeBig"/>
<property name="sun.java.command" value="org.junit.platform.console.ConsoleLauncher --details NONE --scan-class-path /Users/calberca/Workspace/autentia-training/selenium/todomvc/build/classes/java/main:/Users/calberca/Workspace/autentia-training/selenium/todomvc/build/resources/main:/Users/calberca/Workspace/autentia-training/selenium/todomvc/build/classes/java/test:/Users/calberca/Workspace/autentia-training/selenium/todomvc/build/resources/test -n ^.*Tests?$ --reports-dir /Users/calberca/Workspace/autentia-training/selenium/todomvc/build/test-results/junit-platform"/>
<property name="sun.java.launcher" value="SUN_STANDARD"/>
<property name="sun.jnu.encoding" value="UTF-8"/>
<property name="sun.management.compiler" value="HotSpot 64-Bit Tiered Compilers"/>
<property name="sun.os.patch.level" value="unknown"/>
<property name="user.country" value="US"/>
<property name="user.dir" value="/Users/calberca/Workspace/autentia-training/selenium/todomvc"/>
<property name="user.home" value="/Users/calberca"/>
<property name="user.language" value="en"/>
<property name="user.name" value="calberca"/>
<property name="user.timezone" value="Europe/Madrid"/>
<property name="user.variant" value=""/>
</properties>
<testcase name="testLoadingCapabilities()" classname="com.autentia.training.selenium.todomvc.main.TodoMvcFlowTest" time="4.049">
<failure message="expected: &lt;TodoMVC&gt; but was: &lt;127.0.0.1&gt;" type="org.opentest4j.AssertionFailedError"><![CDATA[org.opentest4j.AssertionFailedError: expected: <TodoMVC> but was: <127.0.0.1>
	at org.junit.jupiter.api.AssertionUtils.fail(AssertionUtils.java:52)
	at org.junit.jupiter.api.AssertEquals.failNotEqual(AssertEquals.java:171)
	at org.junit.jupiter.api.AssertEquals.assertEquals(AssertEquals.java:166)
	at org.junit.jupiter.api.AssertEquals.assertEquals(AssertEquals.java:157)
	at org.junit.jupiter.api.Assertions.assertEquals(Assertions.java:459)
	at com.autentia.training.selenium.todomvc.main.TodoMvcFlowTest.testLoadingCapabilities(TodoMvcFlowTest.java:37)
	at sun.reflect.NativeMethodAccessorImpl.invoke0(Native Method)
	at sun.reflect.NativeMethodAccessorImpl.invoke(NativeMethodAccessorImpl.java:62)
	at sun.reflect.DelegatingMethodAccessorImpl.invoke(DelegatingMethodAccessorImpl.java:43)
	at java.lang.reflect.Method.invoke(Method.java:498)
	at org.junit.platform.commons.util.ReflectionUtils.invokeMethod(ReflectionUtils.java:316)
	at org.junit.jupiter.engine.execution.ExecutableInvoker.invoke(ExecutableInvoker.java:114)
	at org.junit.jupiter.engine.descriptor.MethodTestDescriptor.lambda$invokeTestMethod$6(MethodTestDescriptor.java:171)
	at org.junit.jupiter.engine.execution.ThrowableCollector.execute(ThrowableCollector.java:40)
	at org.junit.jupiter.engine.descriptor.MethodTestDescriptor.invokeTestMethod(MethodTestDescriptor.java:168)
	at org.junit.jupiter.engine.descriptor.MethodTestDescriptor.execute(MethodTestDescriptor.java:115)
	at org.junit.jupiter.engine.descriptor.MethodTestDescriptor.execute(MethodTestDescriptor.java:57)
	at org.junit.platform.engine.support.hierarchical.HierarchicalTestExecutor.lambda$execute$1(HierarchicalTestExecutor.java:81)
	at org.junit.platform.engine.support.hierarchical.SingleTestExecutor.executeSafely(SingleTestExecutor.java:66)
	at org.junit.platform.engine.support.hierarchical.HierarchicalTestExecutor.execute(HierarchicalTestExecutor.java:76)
	at org.junit.platform.engine.support.hierarchical.HierarchicalTestExecutor.lambda$execute$1(HierarchicalTestExecutor.java:91)
	at org.junit.platform.engine.support.hierarchical.SingleTestExecutor.executeSafely(SingleTestExecutor.java:66)
	at org.junit.platform.engine.support.hierarchical.HierarchicalTestExecutor.execute(HierarchicalTestExecutor.java:76)
	at org.junit.platform.engine.support.hierarchical.HierarchicalTestExecutor.lambda$execute$1(HierarchicalTestExecutor.java:91)
	at org.junit.platform.engine.support.hierarchical.SingleTestExecutor.executeSafely(SingleTestExecutor.java:66)
	at org.junit.platform.engine.support.hierarchical.HierarchicalTestExecutor.execute(HierarchicalTestExecutor.java:76)
	at org.junit.platform.engine.support.hierarchical.HierarchicalTestExecutor.execute(HierarchicalTestExecutor.java:51)
	at org.junit.platform.engine.support.hierarchical.HierarchicalTestEngine.execute(HierarchicalTestEngine.java:43)
	at org.junit.platform.launcher.core.DefaultLauncher.execute(DefaultLauncher.java:137)
	at org.junit.platform.launcher.core.DefaultLauncher.execute(DefaultLauncher.java:87)
	at org.junit.platform.console.tasks.ConsoleTestExecutor.executeTests(ConsoleTestExecutor.java:65)
	at org.junit.platform.console.tasks.ConsoleTestExecutor.lambda$execute$0(ConsoleTestExecutor.java:57)
	at org.junit.platform.console.tasks.CustomContextClassLoaderExecutor.invoke(CustomContextClassLoaderExecutor.java:33)
	at org.junit.platform.console.tasks.ConsoleTestExecutor.execute(ConsoleTestExecutor.java:57)
	at org.junit.platform.console.ConsoleLauncher.executeTests(ConsoleLauncher.java:79)
	at org.junit.platform.console.ConsoleLauncher.execute(ConsoleLauncher.java:69)
	at org.junit.platform.console.ConsoleLauncher.main(ConsoleLauncher.java:41)
]]></failure>
<system-out><![CDATA[
unique-id: [engine:junit-jupiter]/[class:com.autentia.training.selenium.todomvc.main.TodoMvcFlowTest]/[method:testLoadingCapabilities()]
display-name: it should load the page correctly
]]></system-out>
</testcase>
<testcase name="testCreateTodo()" classname="com.autentia.training.selenium.todomvc.main.TodoMvcFlowTest" time="0">
<skipped><![CDATA[void com.autentia.training.selenium.todomvc.main.TodoMvcFlowTest.testCreateTodo() is @Disabled]]></skipped>
<system-out><![CDATA[
unique-id: [engine:junit-jupiter]/[class:com.autentia.training.selenium.todomvc.main.TodoMvcFlowTest]/[method:testCreateTodo()]
display-name: it should create a new todo
]]></system-out>
</testcase>
<testcase name="testEditTodo()" classname="com.autentia.training.selenium.todomvc.main.TodoMvcFlowTest" time="0">
<skipped><![CDATA[void com.autentia.training.selenium.todomvc.main.TodoMvcFlowTest.testEditTodo() is @Disabled]]></skipped>
<system-out><![CDATA[
unique-id: [engine:junit-jupiter]/[class:com.autentia.training.selenium.todomvc.main.TodoMvcFlowTest]/[method:testEditTodo()]
display-name: it should edit an already created todo
]]></system-out>
</testcase>
<testcase name="testDeleteTodo()" classname="com.autentia.training.selenium.todomvc.main.TodoMvcFlowTest" time="0">
<skipped><![CDATA[void com.autentia.training.selenium.todomvc.main.TodoMvcFlowTest.testDeleteTodo() is @Disabled]]></skipped>
<system-out><![CDATA[
unique-id: [engine:junit-jupiter]/[class:com.autentia.training.selenium.todomvc.main.TodoMvcFlowTest]/[method:testDeleteTodo()]
display-name: it should delete a given todo
]]></system-out>
</testcase>
<testcase name="testCompleteTodo()" classname="com.autentia.training.selenium.todomvc.main.TodoMvcFlowTest" time="0">
<skipped><![CDATA[void com.autentia.training.selenium.todomvc.main.TodoMvcFlowTest.testCompleteTodo() is @Disabled]]></skipped>
<system-out><![CDATA[
unique-id: [engine:junit-jupiter]/[class:com.autentia.training.selenium.todomvc.main.TodoMvcFlowTest]/[method:testCompleteTodo()]
display-name: it should complete a given todo
]]></system-out>
</testcase>
<testcase name="testClearCompletedTodos()" classname="com.autentia.training.selenium.todomvc.main.TodoMvcFlowTest" time="0">
<skipped><![CDATA[void com.autentia.training.selenium.todomvc.main.TodoMvcFlowTest.testClearCompletedTodos() is @Disabled]]></skipped>
<system-out><![CDATA[
unique-id: [engine:junit-jupiter]/[class:com.autentia.training.selenium.todomvc.main.TodoMvcFlowTest]/[method:testClearCompletedTodos()]
display-name: it should clear completed todos
]]></system-out>
</testcase>
<testcase name="testFilterActiveTodos()" classname="com.autentia.training.selenium.todomvc.main.TodoMvcFlowTest$FilterTodosTest" time="0">
<skipped><![CDATA[void com.autentia.training.selenium.todomvc.main.TodoMvcFlowTest$FilterTodosTest.testFilterActiveTodos() is @Disabled]]></skipped>
<system-out><![CDATA[
unique-id: [engine:junit-jupiter]/[class:com.autentia.training.selenium.todomvc.main.TodoMvcFlowTest]/[nested-class:FilterTodosTest]/[method:testFilterActiveTodos()]
display-name: it should filter active todos
]]></system-out>
</testcase>
<testcase name="testFilterCompletedTodos()" classname="com.autentia.training.selenium.todomvc.main.TodoMvcFlowTest$FilterTodosTest" time="0">
<skipped><![CDATA[void com.autentia.training.selenium.todomvc.main.TodoMvcFlowTest$FilterTodosTest.testFilterCompletedTodos() is @Disabled]]></skipped>
<system-out><![CDATA[
unique-id: [engine:junit-jupiter]/[class:com.autentia.training.selenium.todomvc.main.TodoMvcFlowTest]/[nested-class:FilterTodosTest]/[method:testFilterCompletedTodos()]
display-name: it should filter completed todos
]]></system-out>
</testcase>
<system-out><![CDATA[
unique-id: [engine:junit-jupiter]
display-name: JUnit Jupiter
]]></system-out>
</testsuite>
